AGEPRO VERSION 4.2

Uku Projection Base (2019-2026) 

Date & Time of Run: 28 May 2021  10:41

Input File Name:    C:\Users\Eric.Fletcher\Documents\AGEPRO\UKU_Example_2021-05-28_10-41-19\UKU_Example.INP

First Age Class:                         1
Number of Age Classes:                  32
Number of Years in Projection:           8
Number of Fleets:                        4
Number of Recruitment Models:            3
Number of Bootstraps:                  100
Number of Simulations:                1000

Bootstrap File Name:            C:\Users\Eric.Fletcher\Documents\AGEPRO\UKU_Example_2021-05-28_10-41-19\UKU_Example.BSN

Number of Feasible Solutions:      99998  of     100000 Realizations

Input Harvest Scenario

Year  Type        Fleet-1    Fleet-2    Fleet-3    Fleet-4    

2019  Landings         29          8         13         58 
2020  Landings         54         14         24        108 
2021  Landings         54         14         24        108 
2022  Landings         54         14         24        108 
2023  Landings         54         14         24        108 
2024  Landings         54         14         24        108 
2025  Landings         54         14         24        108 
2026  Landings         54         14         24        108 

Recruitment Selection Distribution

Year  Selection-1 Selection-2 Selection-3 

2019      0.6021     0.2005     0.1974 
2020      0.5981     0.2005     0.2014 
2021      0.5992     0.2005     0.2003 
2022      0.6009     0.1989     0.2003 
2023      0.5991     0.2005     0.2004 
2024      0.6003     0.1997     0.2000 
2025      0.6014     0.1999     0.1988 
2026      0.6003     0.2003     0.1994 

Recruits        1000  Fish

Year Class   Average        StdDev
2019         79.4033       29.0939
2020         79.4184       29.0592
2021         78.8408       28.7854
2022         78.3859       28.8273
2023         77.9477       28.6650
2024         77.1832       28.3766
2025         76.4996       28.3060
2026         75.6401       28.1821

Recruits Distribution

Year Class 1%         5%         10%        25%        50%        75%        90%        95%        99%    
2019    31.2021    41.9231    48.4037    59.7123    72.8124    94.6435   115.1806   141.9390   164.9973
2020    31.4647    42.1152    48.4037    59.7123    72.8124    94.6435   115.0028   141.9390   164.5055
2021    30.9341    41.5531    48.1699    59.3656    72.8124    93.8093   113.6390   141.9390   163.4759
2022    30.6672    40.9173    47.8675    58.8944    71.9413    92.8843   112.9527   141.9390   162.5890
2023    30.5080    40.6112    47.5735    58.2881    71.5255    92.8120   111.5206   141.0160   159.6984
2024    30.0433    39.9349    46.9591    57.6760    71.0762    92.8120   110.6740   138.3149   157.9726
2025    29.2919    39.1890    46.0826    56.6408    70.8962    91.8115   110.6740   135.9636   156.5960
2026    28.5193    38.3331    45.0598    55.9467    70.8763    91.4680   110.6740   134.3679   152.7481

Spawning Stock Biomass  x       1000 MT

Year       Average        StdDev
2019        1.3078        0.1963
2020        1.2932        0.1961
2021        1.1805        0.1947
2022        1.0887        0.1943
2023        1.0009        0.1950
2024        0.9161        0.1966
2025        0.8337        0.1993
2026        0.7533        0.2029

Spawning Stock Biomass Distribution

Year        1%         5%         10%        25%        50%        75%        90%        95%        99%   
2019     0.9220     1.0217     1.0692     1.1856     1.2837     1.4179     1.5344     1.7010     1.9082 
2020     0.8978     0.9982     1.0563     1.1734     1.2694     1.4054     1.5153     1.6807     1.8944 
2021     0.7885     0.8839     0.9443     1.0615     1.1586     1.2923     1.4038     1.5587     1.7716 
2022     0.6933     0.7905     0.8542     0.9657     1.0700     1.1996     1.3234     1.4546     1.6706 
2023     0.6016     0.7005     0.7660     0.8745     0.9843     1.1121     1.2451     1.3591     1.5711 
2024     0.5074     0.6137     0.6787     0.7864     0.9011     1.0297     1.1660     1.2705     1.4748 
2025     0.4167     0.5269     0.5920     0.7014     0.8196     0.9508     1.0905     1.1894     1.3888 
2026     0.3225     0.4390     0.5065     0.6171     0.7409     0.8749     1.0148     1.1113     1.3053 

JAN-1 Stock Biomass  x       1000 MT

Year       Average        StdDev
2019        1.3871        0.2023
2020        1.3686        0.2015
2021        1.2608        0.1994
2022        1.1697        0.1998
2023        1.0813        0.2011
2024        0.9951        0.2030
2025        0.9110        0.2061
2026        0.8286        0.2102

JAN-1 Stock Biomass Distribution

Year       1%         5%         10%        25%        50%        75%        90%        95%        99%    
2019     0.9850     1.0893     1.1410     1.2619     1.3630     1.5012     1.6190     1.7890     2.0065 
2020     0.9619     1.0635     1.1251     1.2457     1.3449     1.4841     1.5974     1.7639     1.9856 
2021     0.8585     0.9561     1.0188     1.1376     1.2395     1.3753     1.4919     1.6446     1.8627 
2022     0.7631     0.8625     0.9286     1.0417     1.1514     1.2837     1.4143     1.5427     1.7653 
2023     0.6684     0.7715     0.8388     0.9499     1.0650     1.1964     1.3343     1.4480     1.6660 
2024     0.5729     0.6832     0.7500     0.8608     0.9802     1.1133     1.2540     1.3600     1.5671 
2025     0.4782     0.5929     0.6611     0.7735     0.8971     1.0329     1.1768     1.2766     1.4817 
2026     0.3796     0.5030     0.5730     0.6873     0.8160     0.9551     1.1004     1.1987     1.3975 

Mean Biomass  x       1000 MT

Year       Average        StdDev
2019        1.3683        0.2014
2020        1.3035        0.2001
2021        1.2027        0.1985
2022        1.1129        0.1993
2023        1.0256        0.2009
2024        0.9406        0.2035
2025        0.8575        0.2072
2026        0.7757        0.2120

Mean Biomass Distribution

Year       1%         5%         10%        25%        50%        75%        90%        95%        99%    
2019     0.9636     1.0682     1.1241     1.2449     1.3441     1.4832     1.5975     1.7662     1.9804 
2020     0.8985     0.9991     1.0611     1.1816     1.2805     1.4185     1.5324     1.6928     1.9086 
2021     0.7997     0.8986     0.9623     1.0782     1.1828     1.3162     1.4377     1.5809     1.8007 
2022     0.7054     0.8060     0.8727     0.9841     1.0951     1.2271     1.3589     1.4804     1.6964 
2023     0.6093     0.7154     0.7833     0.8936     1.0100     1.1410     1.2791     1.3890     1.6003 
2024     0.5153     0.6264     0.6939     0.8059     0.9262     1.0600     1.2010     1.3046     1.5098 
2025     0.4193     0.5365     0.6057     0.7192     0.8444     0.9814     1.1236     1.2234     1.4271 
2026     0.3188     0.4457     0.5174     0.6331     0.7639     0.9047     1.0488     1.1465     1.3488 

Combined Catch Biomass  x       1000 MT

Year       Average        StdDev
2019        0.1075        0.0000
2020        0.2000        0.0000
2021        0.2000        0.0000
2022        0.2000        0.0000
2023        0.2000        0.0000
2024        0.2000        0.0000
2025        0.2000        0.0000
2026        0.2000        0.0001

Combined Catch Distribution

Year       1%         5%         10%        25%        50%        75%        90%        95%        99%    
2019     0.1075     0.1075     0.1075     0.1075     0.1075     0.1075     0.1075     0.1075     0.1075 
2020     0.2000     0.2000     0.2000     0.2000     0.2000     0.2000     0.2000     0.2000     0.2000 
2021     0.2000     0.2000     0.2000     0.2000     0.2000     0.2000     0.2000     0.2000     0.2000 
2022     0.2000     0.2000     0.2000     0.2000     0.2000     0.2000     0.2000     0.2000     0.2000 
2023     0.2000     0.2000     0.2000     0.2000     0.2000     0.2000     0.2000     0.2000     0.2000 
2024     0.2000     0.2000     0.2000     0.2000     0.2000     0.2000     0.2000     0.2000     0.2000 
2025     0.2000     0.2000     0.2000     0.2000     0.2000     0.2000     0.2000     0.2000     0.2000 
2026     0.2000     0.2000     0.2000     0.2000     0.2000     0.2000     0.2000     0.2000     0.2000 

Landings  x       1000 MT

Year       Average        StdDev
2019        0.1075        0.0000
2020        0.2000        0.0000
2021        0.2000        0.0000
2022        0.2000        0.0000
2023        0.2000        0.0000
2024        0.2000        0.0000
2025        0.2000        0.0000
2026        0.2000        0.0001

Landings Distribution

Year       1%         5%         10%        25%        50%        75%        90%        95%        99%    
2019     0.1075     0.1075     0.1075     0.1075     0.1075     0.1075     0.1075     0.1075     0.1075 
2020     0.2000     0.2000     0.2000     0.2000     0.2000     0.2000     0.2000     0.2000     0.2000 
2021     0.2000     0.2000     0.2000     0.2000     0.2000     0.2000     0.2000     0.2000     0.2000 
2022     0.2000     0.2000     0.2000     0.2000     0.2000     0.2000     0.2000     0.2000     0.2000 
2023     0.2000     0.2000     0.2000     0.2000     0.2000     0.2000     0.2000     0.2000     0.2000 
2024     0.2000     0.2000     0.2000     0.2000     0.2000     0.2000     0.2000     0.2000     0.2000 
2025     0.2000     0.2000     0.2000     0.2000     0.2000     0.2000     0.2000     0.2000     0.2000 
2026     0.2000     0.2000     0.2000     0.2000     0.2000     0.2000     0.2000     0.2000     0.2000 

Total Fishing Mortality

Year       Average        StdDev
2019        0.0928        0.0136
2020        0.1818        0.0282
2021        0.1988        0.0338
2022        0.2172        0.0408
2023        0.2388        0.0506
2024        0.2648        0.0645
2025        0.2973        0.0864
2026        0.3405        0.1401

Total Fishing Mortality Distribution

Year       1%         5%         10%        25%        50%        75%        90%        95%        99%    
2019     0.0621     0.0696     0.0779     0.0836     0.0926     0.1000     0.1112     0.1166     0.1300 
2020     0.1198     0.1350     0.1510     0.1626     0.1809     0.1961     0.2196     0.2331     0.2610 
2021     0.1270     0.1452     0.1614     0.1759     0.1969     0.2160     0.2440     0.2613     0.2956 
2022     0.1347     0.1556     0.1709     0.1897     0.2135     0.2382     0.2707     0.2940     0.3386 
2023     0.1437     0.1666     0.1820     0.2050     0.2328     0.2642     0.3036     0.3342     0.3964 
2024     0.1533     0.1783     0.1947     0.2221     0.2553     0.2955     0.3460     0.3858     0.4763 
2025     0.1630     0.1911     0.2088     0.2411     0.2820     0.3339     0.4009     0.4565     0.5972 
2026     0.1733     0.2047     0.2247     0.2630     0.3140     0.3831     0.4762     0.5594     0.8057 

Probability Spawning Stock Biomass Exceeds Threshold      0.601 (1000 MT)

Year    Probability

2019    1.000000
2020    1.000000
2021    1.000000
2022    0.999930
2023    0.990100
2024    0.956850
2025    0.891010
2026    0.778040

Probability Threshold Exceeded at Least Once =     1.0000

Probability Total Fishing Mortality Exceeds Threshold     0.1370 

Year    Probability

2019    0.000720
2020    0.942440
2021    0.975000
2022    0.987920
2023    0.995510
2024    0.998810
2025    0.999580
2026    0.999800

Probability Threshold Exceeded at Least Once =     0.9998
